Reading File:FinalRoll_ACNo_238PartNo_1.csv
Reading File:FinalRoll_ACNo_238PartNo_2.csv
Reading File:FinalRoll_ACNo_238PartNo_3.csv
Reading File:FinalRoll_ACNo_238PartNo_4.csv
Reading File:FinalRoll_ACNo_238PartNo_5.csv
Reading File:FinalRoll_ACNo_238PartNo_6.csv
Reading File:FinalRoll_ACNo_238PartNo_7.csv
Reading File:FinalRoll_ACNo_238PartNo_8.csv
Reading File:FinalRoll_ACNo_238PartNo_9.csv
Reading File:FinalRoll_ACNo_238PartNo_10.csv
Reading File:FinalRoll_ACNo_238PartNo_11.csv
b'Skipping line 544: expected 24 fields, saw 26\n'
Reading File:FinalRoll_ACNo_238PartNo_12.csv
b'Skipping line 73: expected 24 fields, saw 25\nSkipping line 86: expected 24 fields, saw 25\n'
Reading File:FinalRoll_ACNo_238PartNo_13.csv
b'Skipping line 328: expected 24 fields, saw 25\n'
Reading File:FinalRoll_ACNo_238PartNo_14.csv
Reading File:FinalRoll_ACNo_238PartNo_15.csv
Reading File:FinalRoll_ACNo_238PartNo_17.csv
b'Skipping line 850: expected 24 fields, saw 25\n'
Reading File:FinalRoll_ACNo_238PartNo_18.csv
b'Skipping line 95: expected 24 fields, saw 26\n'
Reading File:FinalRoll_ACNo_238PartNo_19.csv
b'Skipping line 927: expected 24 fields, saw 25\n'
Reading File:FinalRoll_ACNo_238PartNo_20.csv
b'Skipping line 328: expected 24 fields, saw 25\nSkipping line 983: expected 24 fields, saw 26\n'
Reading File:FinalRoll_ACNo_238PartNo_21.csv
Reading File:FinalRoll_ACNo_238PartNo_22.csv
b'Skipping line 567: expected 24 fields, saw 25\n'
Reading File:FinalRoll_ACNo_238PartNo_23.csv
Reading File:FinalRoll_ACNo_238PartNo_24.csv
Reading File:FinalRoll_ACNo_238PartNo_25.csv
b'Skipping line 118: expected 24 fields, saw 25\nSkipping line 978: expected 24 fields, saw 25\n'
Reading File:FinalRoll_ACNo_238PartNo_26.csv
Reading File:FinalRoll_ACNo_238PartNo_27.csv
b'Skipping line 328: expected 24 fields, saw 25\n'
Reading File:FinalRoll_ACNo_238PartNo_28.csv
Reading File:FinalRoll_ACNo_238PartNo_29.csv
b'Skipping line 917: expected 24 fields, saw 25\n'
Reading File:FinalRoll_ACNo_238PartNo_30.csv
Reading File:FinalRoll_ACNo_238PartNo_31.csv
b'Skipping line 724: expected 24 fields, saw 25\n'
Reading File:FinalRoll_ACNo_238PartNo_32.csv
Reading File:FinalRoll_ACNo_238PartNo_33.csv
Reading File:FinalRoll_ACNo_238PartNo_34.csv
Reading File:FinalRoll_ACNo_238PartNo_35.csv
b'Skipping line 524: expected 24 fields, saw 25\nSkipping line 623: expected 24 fields, saw 25\n'
Reading File:FinalRoll_ACNo_238PartNo_36.csv
Reading File:FinalRoll_ACNo_238PartNo_37.csv
b'Skipping line 791: expected 24 fields, saw 25\n'
Reading File:FinalRoll_ACNo_238PartNo_38.csv
b'Skipping line 828: expected 24 fields, saw 25\n'
Reading File:FinalRoll_ACNo_238PartNo_39.csv
b'Skipping line 111: expected 24 fields, saw 25\n'
Reading File:FinalRoll_ACNo_238PartNo_40.csv
Reading File:FinalRoll_ACNo_238PartNo_41.csv
Reading File:FinalRoll_ACNo_238PartNo_42.csv
Reading File:FinalRoll_ACNo_238PartNo_43.csv
Reading File:FinalRoll_ACNo_238PartNo_44.csv
b'Skipping line 1009: expected 24 fields, saw 25\n'
Reading File:FinalRoll_ACNo_238PartNo_45.csv
Reading File:FinalRoll_ACNo_238PartNo_46.csv
Reading File:FinalRoll_ACNo_238PartNo_47.csv
b'Skipping line 824: expected 24 fields, saw 25\n'
Reading File:FinalRoll_ACNo_238PartNo_48.csv
b'Skipping line 605: expected 24 fields, saw 25\n'
Reading File:FinalRoll_ACNo_238PartNo_49.csv
Reading File:FinalRoll_ACNo_238PartNo_50.csv
b'Skipping line 178: expected 24 fields, saw 25\n'
Reading File:FinalRoll_ACNo_238PartNo_51.csv
Reading File:FinalRoll_ACNo_238PartNo_52.csv
Reading File:FinalRoll_ACNo_238PartNo_53.csv
b'Skipping line 912: expected 24 fields, saw 25\n'
Reading File:FinalRoll_ACNo_238PartNo_54.csv
Reading File:FinalRoll_ACNo_238PartNo_55.csv
Reading File:FinalRoll_ACNo_238PartNo_56.csv
b'Skipping line 395: expected 24 fields, saw 25\n'
Reading File:FinalRoll_ACNo_238PartNo_57.csv
b'Skipping line 663: expected 24 fields, saw 25\n'
Reading File:FinalRoll_ACNo_238PartNo_58.csv
Reading File:FinalRoll_ACNo_238PartNo_59.csv
b'Skipping line 622: expected 24 fields, saw 26\n'
Reading File:FinalRoll_ACNo_238PartNo_60.csv
Reading File:FinalRoll_ACNo_238PartNo_61.csv
Reading File:FinalRoll_ACNo_238PartNo_62.csv
b'Skipping line 720: expected 24 fields, saw 25\n'
Reading File:FinalRoll_ACNo_238PartNo_63.csv
b'Skipping line 116: expected 24 fields, saw 25\n'
Reading File:FinalRoll_ACNo_238PartNo_64.csv
Reading File:FinalRoll_ACNo_238PartNo_65.csv
Reading File:FinalRoll_ACNo_238PartNo_66.csv
b'Skipping line 466: expected 24 fields, saw 25\n'
Reading File:FinalRoll_ACNo_238PartNo_67.csv
b'Skipping line 87: expected 24 fields, saw 25\n'
Reading File:FinalRoll_ACNo_238PartNo_68.csv
Reading File:FinalRoll_ACNo_238PartNo_69.csv
Reading File:FinalRoll_ACNo_238PartNo_70.csv
Reading File:FinalRoll_ACNo_238PartNo_71.csv
Reading File:FinalRoll_ACNo_238PartNo_72.csv
b'Skipping line 588: expected 24 fields, saw 25\n'
Reading File:FinalRoll_ACNo_238PartNo_73.csv
b'Skipping line 210: expected 24 fields, saw 25\n'
Reading File:FinalRoll_ACNo_238PartNo_74.csv
Reading File:FinalRoll_ACNo_238PartNo_75.csv
Reading File:FinalRoll_ACNo_238PartNo_76.csv
Reading File:FinalRoll_ACNo_238PartNo_77.csv
b'Skipping line 199: expected 24 fields, saw 26\n'
Reading File:FinalRoll_ACNo_238PartNo_78.csv
Reading File:FinalRoll_ACNo_238PartNo_79.csv
Reading File:FinalRoll_ACNo_238PartNo_80.csv
Reading File:FinalRoll_ACNo_238PartNo_81.csv
Reading File:FinalRoll_ACNo_238PartNo_82.csv
Reading File:FinalRoll_ACNo_238PartNo_83.csv
Reading File:FinalRoll_ACNo_238PartNo_84.csv
Reading File:FinalRoll_ACNo_238PartNo_85.csv
Reading File:FinalRoll_ACNo_238PartNo_86.csv
b'Skipping line 953: expected 24 fields, saw 26\n'
Reading File:FinalRoll_ACNo_238PartNo_87.csv
Reading File:FinalRoll_ACNo_238PartNo_88.csv
Reading File:FinalRoll_ACNo_238PartNo_89.csv
Reading File:FinalRoll_ACNo_238PartNo_90.csv
Reading File:FinalRoll_ACNo_238PartNo_91.csv
Reading File:FinalRoll_ACNo_238PartNo_92.csv
Reading File:FinalRoll_ACNo_238PartNo_93.csv
Reading File:FinalRoll_ACNo_238PartNo_94.csv
Missed reading file FinalRoll_ACNo_238PartNo_94.csv because of error:Error tokenizing data. C error: EOF inside string starting at row 394
Reading File:FinalRoll_ACNo_238PartNo_95.csv
Reading File:FinalRoll_ACNo_238PartNo_96.csv
b'Skipping line 656: expected 24 fields, saw 25\n'
Reading File:FinalRoll_ACNo_238PartNo_97.csv
Reading File:FinalRoll_ACNo_238PartNo_98.csv
Reading File:FinalRoll_ACNo_238PartNo_99.csv
Reading File:FinalRoll_ACNo_238PartNo_100.csv
b'Skipping line 896: expected 24 fields, saw 26\n'
Reading File:FinalRoll_ACNo_238PartNo_101.csv
Reading File:FinalRoll_ACNo_238PartNo_102.csv
Reading File:FinalRoll_ACNo_238PartNo_103.csv
Reading File:FinalRoll_ACNo_238PartNo_104.csv
Missed reading file FinalRoll_ACNo_238PartNo_104.csv because of error:Error tokenizing data. C error: EOF inside string starting at row 525
Reading File:FinalRoll_ACNo_238PartNo_105.csv
Reading File:FinalRoll_ACNo_238PartNo_106.csv
b'Skipping line 125: expected 24 fields, saw 25\n'
Reading File:FinalRoll_ACNo_238PartNo_107.csv
Reading File:FinalRoll_ACNo_238PartNo_108.csv
Reading File:FinalRoll_ACNo_238PartNo_109.csv
Reading File:FinalRoll_ACNo_238PartNo_110.csv
Reading File:FinalRoll_ACNo_238PartNo_111.csv
Reading File:FinalRoll_ACNo_238PartNo_112.csv
Reading File:FinalRoll_ACNo_238PartNo_113.csv
Reading File:FinalRoll_ACNo_238PartNo_114.csv
Missed reading file FinalRoll_ACNo_238PartNo_114.csv because of error:Error tokenizing data. C error: EOF inside string starting at row 467
Reading File:FinalRoll_ACNo_238PartNo_115.csv
Missed reading file FinalRoll_ACNo_238PartNo_115.csv because of error:Error tokenizing data. C error: EOF inside string starting at row 339
Reading File:FinalRoll_ACNo_238PartNo_116.csv
Reading File:FinalRoll_ACNo_238PartNo_117.csv
Missed reading file FinalRoll_ACNo_238PartNo_117.csv because of error:Error tokenizing data. C error: EOF inside string starting at row 539
Reading File:FinalRoll_ACNo_238PartNo_118.csv
b'Skipping line 282: expected 24 fields, saw 25\n'
Reading File:FinalRoll_ACNo_238PartNo_119.csv
Reading File:FinalRoll_ACNo_238PartNo_120.csv
b'Skipping line 249: expected 24 fields, saw 26\nSkipping line 1257: expected 24 fields, saw 25\n'
Reading File:FinalRoll_ACNo_238PartNo_121.csv
Reading File:FinalRoll_ACNo_238PartNo_122.csv
Reading File:FinalRoll_ACNo_238PartNo_123.csv
Reading File:FinalRoll_ACNo_238PartNo_124.csv
Reading File:FinalRoll_ACNo_238PartNo_125.csv
Reading File:FinalRoll_ACNo_238PartNo_126.csv
Reading File:FinalRoll_ACNo_238PartNo_127.csv
Reading File:FinalRoll_ACNo_238PartNo_128.csv
Reading File:FinalRoll_ACNo_238PartNo_129.csv
Reading File:FinalRoll_ACNo_238PartNo_130.csv
Reading File:FinalRoll_ACNo_238PartNo_131.csv
Reading File:FinalRoll_ACNo_238PartNo_132.csv
Reading File:FinalRoll_ACNo_238PartNo_133.csv
b'Skipping line 437: expected 24 fields, saw 25\n'
Reading File:FinalRoll_ACNo_238PartNo_134.csv
Reading File:FinalRoll_ACNo_238PartNo_135.csv
Reading File:FinalRoll_ACNo_238PartNo_136.csv
Reading File:FinalRoll_ACNo_238PartNo_137.csv
Reading File:FinalRoll_ACNo_238PartNo_138.csv
b'Skipping line 543: expected 24 fields, saw 25\n'
Reading File:FinalRoll_ACNo_238PartNo_139.csv
Reading File:FinalRoll_ACNo_238PartNo_140.csv
Missed reading file FinalRoll_ACNo_238PartNo_140.csv because of error:Error tokenizing data. C error: EOF inside string starting at row 561
Reading File:FinalRoll_ACNo_238PartNo_141.csv
Reading File:FinalRoll_ACNo_238PartNo_142.csv
Reading File:FinalRoll_ACNo_238PartNo_143.csv
Reading File:FinalRoll_ACNo_238PartNo_144.csv
Reading File:FinalRoll_ACNo_238PartNo_145.csv
Reading File:FinalRoll_ACNo_238PartNo_146.csv
Reading File:FinalRoll_ACNo_238PartNo_147.csv
Reading File:FinalRoll_ACNo_238PartNo_148.csv
b'Skipping line 516: expected 24 fields, saw 25\n'
Reading File:FinalRoll_ACNo_238PartNo_149.csv
Reading File:FinalRoll_ACNo_238PartNo_150.csv
Reading File:FinalRoll_ACNo_238PartNo_151.csv
Reading File:FinalRoll_ACNo_238PartNo_152.csv
Reading File:FinalRoll_ACNo_238PartNo_153.csv
Reading File:FinalRoll_ACNo_238PartNo_154.csv
Reading File:FinalRoll_ACNo_238PartNo_155.csv
Reading File:FinalRoll_ACNo_238PartNo_156.csv
Reading File:FinalRoll_ACNo_238PartNo_157.csv
Reading File:FinalRoll_ACNo_238PartNo_158.csv
Reading File:FinalRoll_ACNo_238PartNo_159.csv
Reading File:FinalRoll_ACNo_238PartNo_160.csv
Reading File:FinalRoll_ACNo_238PartNo_161.csv
Reading File:FinalRoll_ACNo_238PartNo_162.csv
Reading File:FinalRoll_ACNo_238PartNo_163.csv
Reading File:FinalRoll_ACNo_238PartNo_164.csv
Reading File:FinalRoll_ACNo_238PartNo_165.csv
Missed reading file FinalRoll_ACNo_238PartNo_165.csv because of error:Error tokenizing data. C error: EOF inside string starting at row 510
Reading File:FinalRoll_ACNo_238PartNo_166.csv
Reading File:FinalRoll_ACNo_238PartNo_167.csv
b'Skipping line 190: expected 24 fields, saw 25\n'
Reading File:FinalRoll_ACNo_238PartNo_168.csv
Reading File:FinalRoll_ACNo_238PartNo_169.csv
Reading File:FinalRoll_ACNo_238PartNo_170.csv
b'Skipping line 381: expected 24 fields, saw 25\n'
Reading File:FinalRoll_ACNo_238PartNo_171.csv
Reading File:FinalRoll_ACNo_238PartNo_172.csv
Reading File:FinalRoll_ACNo_238PartNo_173.csv
Reading File:FinalRoll_ACNo_238PartNo_174.csv
Reading File:FinalRoll_ACNo_238PartNo_175.csv
b'Skipping line 114: expected 24 fields, saw 26\nSkipping line 137: expected 24 fields, saw 25\n'
Reading File:FinalRoll_ACNo_238PartNo_176.csv
Reading File:FinalRoll_ACNo_238PartNo_177.csv
Reading File:FinalRoll_ACNo_238PartNo_178.csv
Reading File:FinalRoll_ACNo_238PartNo_179.csv
Reading File:FinalRoll_ACNo_238PartNo_180.csv
Reading File:FinalRoll_ACNo_238PartNo_181.csv
Reading File:FinalRoll_ACNo_238PartNo_182.csv
Reading File:FinalRoll_ACNo_238PartNo_183.csv
Missed reading file FinalRoll_ACNo_238PartNo_183.csv because of error:Error tokenizing data. C error: EOF inside string starting at row 399
Reading File:FinalRoll_ACNo_238PartNo_184.csv
Reading File:FinalRoll_ACNo_238PartNo_185.csv
Reading File:FinalRoll_ACNo_238PartNo_186.csv
Reading File:FinalRoll_ACNo_238PartNo_187.csv
Reading File:FinalRoll_ACNo_238PartNo_188.csv
Reading File:FinalRoll_ACNo_238PartNo_189.csv
Reading File:FinalRoll_ACNo_238PartNo_190.csv
Reading File:FinalRoll_ACNo_238PartNo_191.csv
b'Skipping line 946: expected 24 fields, saw 26\n'
Reading File:FinalRoll_ACNo_238PartNo_192.csv
b'Skipping line 192: expected 24 fields, saw 25\n'
Reading File:FinalRoll_ACNo_238PartNo_193.csv
b'Skipping line 634: expected 24 fields, saw 26\n'
Reading File:FinalRoll_ACNo_238PartNo_194.csv
Reading File:FinalRoll_ACNo_238PartNo_195.csv
Reading File:FinalRoll_ACNo_238PartNo_196.csv
Missed reading file FinalRoll_ACNo_238PartNo_196.csv because of error:Error tokenizing data. C error: EOF inside string starting at row 447
Reading File:FinalRoll_ACNo_238PartNo_197.csv
Reading File:FinalRoll_ACNo_238PartNo_198.csv
b'Skipping line 592: expected 24 fields, saw 25\nSkipping line 727: expected 24 fields, saw 26\n'
Reading File:FinalRoll_ACNo_238PartNo_199.csv
Reading File:FinalRoll_ACNo_238PartNo_200.csv
b'Skipping line 1120: expected 24 fields, saw 25\n'
Reading File:FinalRoll_ACNo_238PartNo_201.csv
Reading File:FinalRoll_ACNo_238PartNo_202.csv
Reading File:FinalRoll_ACNo_238PartNo_203.csv
Reading File:FinalRoll_ACNo_238PartNo_204.csv
Reading File:FinalRoll_ACNo_238PartNo_205.csv
Reading File:FinalRoll_ACNo_238PartNo_206.csv
b'Skipping line 630: expected 24 fields, saw 25\n'
Reading File:FinalRoll_ACNo_238PartNo_207.csv
Reading File:FinalRoll_ACNo_238PartNo_208.csv
Reading File:FinalRoll_ACNo_238PartNo_209.csv
Reading File:FinalRoll_ACNo_238PartNo_210.csv
Reading File:FinalRoll_ACNo_238PartNo_211.csv
b'Skipping line 535: expected 24 fields, saw 25\nSkipping line 635: expected 24 fields, saw 26\n'
Reading File:FinalRoll_ACNo_238PartNo_212.csv
Missed reading file FinalRoll_ACNo_238PartNo_212.csv because of error:Error tokenizing data. C error: EOF inside string starting at row 677
Reading File:FinalRoll_ACNo_238PartNo_213.csv
Reading File:FinalRoll_ACNo_238PartNo_214.csv
b'Skipping line 260: expected 24 fields, saw 25\n'
Reading File:FinalRoll_ACNo_238PartNo_215.csv
Reading File:FinalRoll_ACNo_238PartNo_216.csv
Missed reading file FinalRoll_ACNo_238PartNo_216.csv because of error:Error tokenizing data. C error: EOF inside string starting at row 1106
Reading File:FinalRoll_ACNo_238PartNo_217.csv
b'Skipping line 1128: expected 24 fields, saw 25\n'
Reading File:FinalRoll_ACNo_238PartNo_218.csv
b'Skipping line 620: expected 24 fields, saw 25\n'
Missed reading file FinalRoll_ACNo_238PartNo_218.csv because of error:Error tokenizing data. C error: EOF inside string starting at row 1102
Reading File:FinalRoll_ACNo_238PartNo_219.csv
b'Skipping line 411: expected 24 fields, saw 25\n'
Reading File:FinalRoll_ACNo_238PartNo_220.csv
Reading File:FinalRoll_ACNo_238PartNo_221.csv
Reading File:FinalRoll_ACNo_238PartNo_222.csv
Reading File:FinalRoll_ACNo_238PartNo_223.csv
Reading File:FinalRoll_ACNo_238PartNo_224.csv
b'Skipping line 447: expected 24 fields, saw 25\n'
Reading File:FinalRoll_ACNo_238PartNo_225.csv
Reading File:FinalRoll_ACNo_238PartNo_226.csv
Reading File:FinalRoll_ACNo_238PartNo_227.csv
Reading File:FinalRoll_ACNo_238PartNo_228.csv
b'Skipping line 968: expected 24 fields, saw 26\nSkipping line 1010: expected 24 fields, saw 26\n'
Reading File:FinalRoll_ACNo_238PartNo_229.csv
Reading File:FinalRoll_ACNo_238PartNo_230.csv
Reading File:FinalRoll_ACNo_238PartNo_231.csv
Reading File:FinalRoll_ACNo_238PartNo_232.csv
b'Skipping line 175: expected 24 fields, saw 26\n'
Reading File:FinalRoll_ACNo_238PartNo_233.csv
Reading File:FinalRoll_ACNo_238PartNo_234.csv
Reading File:FinalRoll_ACNo_238PartNo_235.csv
b'Skipping line 593: expected 24 fields, saw 25\nSkipping line 1011: expected 24 fields, saw 25\n'
Reading File:FinalRoll_ACNo_238PartNo_236.csv
Missed reading file FinalRoll_ACNo_238PartNo_236.csv because of error:Error tokenizing data. C error: EOF inside string starting at row 576
Reading File:FinalRoll_ACNo_238PartNo_237.csv
Reading File:FinalRoll_ACNo_238PartNo_238.csv
Reading File:FinalRoll_ACNo_238PartNo_239.csv
Reading File:FinalRoll_ACNo_238PartNo_240.csv
Reading File:FinalRoll_ACNo_238PartNo_241.csv
Reading File:FinalRoll_ACNo_238PartNo_242.csv
b'Skipping line 742: expected 24 fields, saw 25\n'
Reading File:FinalRoll_ACNo_238PartNo_243.csv
Missed reading file FinalRoll_ACNo_238PartNo_243.csv because of error:Error tokenizing data. C error: EOF inside string starting at row 381
Reading File:FinalRoll_ACNo_238PartNo_244.csv
Reading File:FinalRoll_ACNo_238PartNo_245.csv
b'Skipping line 1075: expected 24 fields, saw 26\n'
Reading File:FinalRoll_ACNo_238PartNo_246.csv
Reading File:FinalRoll_ACNo_238PartNo_247.csv
b'Skipping line 985: expected 24 fields, saw 25\n'
Reading File:FinalRoll_ACNo_238PartNo_248.csv
b'Skipping line 748: expected 24 fields, saw 26\n'
Reading File:FinalRoll_ACNo_238PartNo_249.csv
Reading File:FinalRoll_ACNo_238PartNo_250.csv
Reading File:FinalRoll_ACNo_238PartNo_251.csv
Reading File:FinalRoll_ACNo_238PartNo_252.csv
Reading File:FinalRoll_ACNo_238PartNo_253.csv
Reading File:FinalRoll_ACNo_238PartNo_254.csv
Reading File:FinalRoll_ACNo_238PartNo_255.csv
Reading File:FinalRoll_ACNo_238PartNo_256.csv
Reading File:FinalRoll_ACNo_238PartNo_257.csv
Reading File:FinalRoll_ACNo_238PartNo_258.csv
b'Skipping line 768: expected 24 fields, saw 25\nSkipping line 777: expected 24 fields, saw 25\n'
Reading File:FinalRoll_ACNo_238PartNo_259.csv
Reading File:FinalRoll_ACNo_238PartNo_260.csv
Reading File:FinalRoll_ACNo_238PartNo_261.csv
Reading File:FinalRoll_ACNo_238PartNo_262.csv
Reading File:FinalRoll_ACNo_238PartNo_263.csv
Reading File:FinalRoll_ACNo_238PartNo_264.csv
Reading File:FinalRoll_ACNo_238PartNo_265.csv
Reading File:FinalRoll_ACNo_238PartNo_266.csv
b'Skipping line 1161: expected 24 fields, saw 25\n'
Reading File:FinalRoll_ACNo_238PartNo_267.csv
Reading File:FinalRoll_ACNo_238PartNo_268.csv
Reading File:FinalRoll_ACNo_238PartNo_269.csv
Reading File:FinalRoll_ACNo_238PartNo_270.csv
Reading File:FinalRoll_ACNo_238PartNo_271.csv
Reading File:FinalRoll_ACNo_238PartNo_272.csv
Reading File:FinalRoll_ACNo_238PartNo_273.csv
Reading File:FinalRoll_ACNo_238PartNo_274.csv
Reading File:FinalRoll_ACNo_238PartNo_275.csv
Reading File:FinalRoll_ACNo_238PartNo_276.csv
Missed reading file FinalRoll_ACNo_238PartNo_276.csv because of error:Error tokenizing data. C error: EOF inside string starting at row 95
Reading File:FinalRoll_ACNo_238PartNo_277.csv
b'Skipping line 1054: expected 24 fields, saw 25\nSkipping line 1063: expected 24 fields, saw 25\nSkipping line 1071: expected 24 fields, saw 26\n'
Reading File:FinalRoll_ACNo_238PartNo_278.csv
Reading File:FinalRoll_ACNo_238PartNo_279.csv
Reading File:FinalRoll_ACNo_238PartNo_280.csv
Reading File:FinalRoll_ACNo_238PartNo_281.csv
Reading File:FinalRoll_ACNo_238PartNo_282.csv
Reading File:FinalRoll_ACNo_238PartNo_283.csv
Reading File:FinalRoll_ACNo_238PartNo_284.csv
b'Skipping line 1018: expected 24 fields, saw 25\n'
Reading File:FinalRoll_ACNo_238PartNo_285.csv
Reading File:FinalRoll_ACNo_238PartNo_286.csv
Reading File:FinalRoll_ACNo_238PartNo_287.csv
Reading File:FinalRoll_ACNo_238PartNo_288.csv
b'Skipping line 49: expected 24 fields, saw 25\n'
Reading File:FinalRoll_ACNo_238PartNo_289.csv
Reading File:FinalRoll_ACNo_238PartNo_290.csv
b'Skipping line 319: expected 24 fields, saw 26\n'
Reading File:FinalRoll_ACNo_238PartNo_291.csv
Reading File:FinalRoll_ACNo_238PartNo_292.csv
Reading File:FinalRoll_ACNo_238PartNo_293.csv
Reading File:FinalRoll_ACNo_238PartNo_294.csv
b'Skipping line 816: expected 24 fields, saw 25\nSkipping line 853: expected 24 fields, saw 25\n'
Reading File:FinalRoll_ACNo_238PartNo_295.csv
b'Skipping line 69: expected 24 fields, saw 25\nSkipping line 621: expected 24 fields, saw 26\nSkipping line 788: expected 24 fields, saw 25\n'
Reading File:FinalRoll_ACNo_238PartNo_296.csv
b'Skipping line 478: expected 24 fields, saw 25\n'
Reading File:FinalRoll_ACNo_238PartNo_297.csv
Reading File:FinalRoll_ACNo_238PartNo_298.csv
b'Skipping line 778: expected 24 fields, saw 25\nSkipping line 818: expected 24 fields, saw 26\n'
Reading File:FinalRoll_ACNo_238PartNo_299.csv
Missed reading file FinalRoll_ACNo_238PartNo_299.csv because of error:Error tokenizing data. C error: EOF inside string starting at row 204
Reading File:FinalRoll_ACNo_238PartNo_300.csv
b'Skipping line 714: expected 24 fields, saw 25\n'
Reading File:FinalRoll_ACNo_238PartNo_301.csv
b'Skipping line 16: expected 24 fields, saw 25\n'
Reading File:FinalRoll_ACNo_238PartNo_302.csv
Reading File:FinalRoll_ACNo_238PartNo_303.csv
Missed reading file FinalRoll_ACNo_238PartNo_303.csv because of error:Error tokenizing data. C error: EOF inside string starting at row 344
Reading File:FinalRoll_ACNo_238PartNo_304.csv
Reading File:FinalRoll_ACNo_238PartNo_305.csv
Reading File:FinalRoll_ACNo_238PartNo_306.csv
Reading File:FinalRoll_ACNo_238PartNo_307.csv
Reading File:FinalRoll_ACNo_238PartNo_308.csv
Reading File:FinalRoll_ACNo_238PartNo_309.csv
Reading File:FinalRoll_ACNo_238PartNo_310.csv
Reading File:FinalRoll_ACNo_238PartNo_311.csv
